Determining if the pthread_create exist failed with the following output:
Change Dir: /home/kivi/workspace/parallel/parallel-pthread/CMakeFiles/CMakeTmp

Run Build Command:"/usr/bin/make" "cmTC_c8d6e/fast"
/usr/bin/make -f CMakeFiles/cmTC_c8d6e.dir/build.make CMakeFiles/cmTC_c8d6e.dir/build
make[1]: Entering directory '/home/kivi/workspace/parallel/parallel-pthread/CMakeFiles/CMakeTmp'
Building C object CMakeFiles/cmTC_c8d6e.dir/CheckSymbolExists.c.o
/usr/bin/cc     -o CMakeFiles/cmTC_c8d6e.dir/CheckSymbolExists.c.o   -c /home/kivi/workspace/parallel/parallel-pthread/CMakeFiles/CMakeTmp/CheckSymbolExists.c
Linking C executable cmTC_c8d6e
/usr/bin/cmake -E cmake_link_script CMakeFiles/cmTC_c8d6e.dir/link.txt --verbose=1
/usr/bin/cc       CMakeFiles/cmTC_c8d6e.dir/CheckSymbolExists.c.o  -o cmTC_c8d6e -rdynamic 
CMakeFiles/cmTC_c8d6e.dir/CheckSymbolExists.c.o: In function `main':
CheckSymbolExists.c:(.text+0x16): undefined reference to `pthread_create'
collect2: error: ld returned 1 exit status
CMakeFiles/cmTC_c8d6e.dir/build.make:97: recipe for target 'cmTC_c8d6e' failed
make[1]: *** [cmTC_c8d6e] Error 1
make[1]: Leaving directory '/home/kivi/workspace/parallel/parallel-pthread/CMakeFiles/CMakeTmp'
Makefile:126: recipe for target 'cmTC_c8d6e/fast' failed
make: *** [cmTC_c8d6e/fast] Error 2

File /home/kivi/workspace/parallel/parallel-pthread/CMakeFiles/CMakeTmp/CheckSymbolExists.c:
/* */
#include <pthread.h>

int main(int argc, char** argv)
{
  (void)argv;
#ifndef pthread_create
  return ((int*)(&pthread_create))[argc];
#else
  (void)argc;
  return 0;
#endif
}

Determining if the function pthread_create exists in the pthreads failed with the following output:
Change Dir: /home/kivi/workspace/parallel/parallel-pthread/CMakeFiles/CMakeTmp

Run Build Command:"/usr/bin/make" "cmTC_ae71a/fast"
/usr/bin/make -f CMakeFiles/cmTC_ae71a.dir/build.make CMakeFiles/cmTC_ae71a.dir/build
make[1]: Entering directory '/home/kivi/workspace/parallel/parallel-pthread/CMakeFiles/CMakeTmp'
Building C object CMakeFiles/cmTC_ae71a.dir/CheckFunctionExists.c.o
/usr/bin/cc    -DCHECK_FUNCTION_EXISTS=pthread_create   -o CMakeFiles/cmTC_ae71a.dir/CheckFunctionExists.c.o   -c /usr/share/cmake-3.5/Modules/CheckFunctionExists.c
Linking C executable cmTC_ae71a
/usr/bin/cmake -E cmake_link_script CMakeFiles/cmTC_ae71a.dir/link.txt --verbose=1
/usr/bin/cc   -DCHECK_FUNCTION_EXISTS=pthread_create    CMakeFiles/cmTC_ae71a.dir/CheckFunctionExists.c.o  -o cmTC_ae71a -rdynamic -lpthreads 
/usr/bin/ld: cannot find -lpthreads
collect2: error: ld returned 1 exit status
CMakeFiles/cmTC_ae71a.dir/build.make:97: recipe for target 'cmTC_ae71a' failed
make[1]: *** [cmTC_ae71a] Error 1
make[1]: Leaving directory '/home/kivi/workspace/parallel/parallel-pthread/CMakeFiles/CMakeTmp'
Makefile:126: recipe for target 'cmTC_ae71a/fast' failed
make: *** [cmTC_ae71a/fast] Error 2


